<?xml version="1.0" encoding="UTF-8"?>
<!-- Generated by org.testng.reporters.JUnitReportReporter -->
<testsuite skipped="0" hostname="DESKTOP-HV4AP7V" name="Testing_Project.Test_SauceWeb" tests="7" failures="0" timestamp="2020-10-18T21:19:17 CAT" time="21.432" errors="0">
  <testcase name="login" time="6.638" classname="Testing_Project.Test_SauceWeb"/>
  <system-out/>
  <testcase name="verifyUrl" time="0.021" classname="Testing_Project.Test_SauceWeb"/>
  <system-out/>
  <testcase name="verifyTitle" time="0.007" classname="Testing_Project.Test_SauceWeb"/>
  <system-out/>
  <testcase name="ClickAbout" time="12.175" classname="Testing_Project.Test_SauceWeb"/>
  <system-out/>
  <testcase name="Sortproductsby" time="0.139" classname="Testing_Project.Test_SauceWeb"/>
  <system-out/>
  <testcase name="Cart" time="1.187" classname="Testing_Project.Test_SauceWeb"/>
  <system-out/>
  <testcase name="checkout" time="1.265" classname="Testing_Project.Test_SauceWeb"/>
  <system-out/>
</testsuite> <!-- Testing_Project.Test_SauceWeb -->
